<?xml version="1.0" encoding="UTF-8"?>
<!-- Generated by org.testng.reporters.JUnitXMLReporter -->
<testsuite hostname="Pinki-PC" ignored="0" name="Test" tests="10" failures="0" timestamp="2019-11-14T18:29:30 IST" time="1.255" errors="0">
  <testcase name="@BeforeMethod openApp" time="0.468" classname="com.vtiger.generics.BaseTest">
    <failure type="java.lang.IllegalStateException" message="The path to the driver executable must be set by the webdriver.gecko.driver system property; for more information, see https://github.com/mozilla/geckodriver. The latest version can be downloaded from https://github.com/mozilla/geckodriver/releases">
      <![CDATA[java.lang.IllegalStateException: The path to the driver executable must be set by the webdriver.gecko.driver system property; for more information, see https://github.com/mozilla/geckodriver. The latest version can be downloaded from https://github.com/mozilla/geckodriver/releases
at com.google.common.base.Preconditions.checkState(Preconditions.java:847)
at org.openqa.selenium.remote.service.DriverService.findExecutable(DriverService.java:134)
at org.openqa.selenium.firefox.GeckoDriverService.access$100(GeckoDriverService.java:44)
at org.openqa.selenium.firefox.GeckoDriverService$Builder.findDefaultExecutable(GeckoDriverService.java:167)
at org.openqa.selenium.remote.service.DriverService$Builder.build(DriverService.java:355)
at org.openqa.selenium.firefox.FirefoxDriver.toExecutor(FirefoxDriver.java:190)
at org.openqa.selenium.firefox.FirefoxDriver.<init>(FirefoxDriver.java:147)
at org.openqa.selenium.firefox.FirefoxDriver.<init>(FirefoxDriver.java:125)
at com.vtiger.generics.BaseTest.openApp(BaseTest.java:51)
at java.util.ArrayList.forEach(Unknown Source)
... Removed 31 stack frames]]>
    </failure>
  </testcase> <!-- @BeforeMethod openApp -->
  <testcase name="@AfterMethod closeApp" time="-1.573736369482E9" classname="com.vtiger.generics.BaseTest">
    <skipped/>
  </testcase> <!-- @AfterMethod closeApp -->
  <testcase name="@BeforeMethod openApp" time="-1.573736369482E9" classname="com.vtiger.generics.BaseTest">
    <skipped/>
  </testcase> <!-- @BeforeMethod openApp -->
  <testcase name="@AfterMethod closeApp" time="-1.573736369568E9" classname="com.vtiger.generics.BaseTest">
    <skipped/>
  </testcase> <!-- @AfterMethod closeApp -->
  <testcase name="@BeforeMethod openApp" time="-1.573736369568E9" classname="com.vtiger.generics.BaseTest">
    <skipped/>
  </testcase> <!-- @BeforeMethod openApp -->
  <testcase name="@AfterMethod closeApp" time="-1.573736369583E9" classname="com.vtiger.generics.BaseTest">
    <skipped/>
  </testcase> <!-- @AfterMethod closeApp -->
  <testcase name="@BeforeMethod openApp" time="-1.573736369583E9" classname="com.vtiger.generics.BaseTest">
    <skipped/>
  </testcase> <!-- @BeforeMethod openApp -->
  <testcase name="@AfterMethod closeApp" time="-1.573736369614E9" classname="com.vtiger.generics.BaseTest">
    <skipped/>
  </testcase> <!-- @AfterMethod closeApp -->
  <testcase name="@BeforeMethod openApp" time="-1.57373636963E9" classname="com.vtiger.generics.BaseTest">
    <skipped/>
  </testcase> <!-- @BeforeMethod openApp -->
  <testcase name="@AfterMethod closeApp" time="-1.573736369677E9" classname="com.vtiger.generics.BaseTest">
    <skipped/>
  </testcase> <!-- @AfterMethod closeApp -->
  <testcase name="@BeforeMethod openApp" time="-1.573736369677E9" classname="com.vtiger.generics.BaseTest">
    <skipped/>
  </testcase> <!-- @BeforeMethod openApp -->
  <testcase name="@AfterMethod closeApp" time="-1.573736369724E9" classname="com.vtiger.generics.BaseTest">
    <skipped/>
  </testcase> <!-- @AfterMethod closeApp -->
  <testcase name="@BeforeMethod openApp" time="-1.573736369739E9" classname="com.vtiger.generics.BaseTest">
    <skipped/>
  </testcase> <!-- @BeforeMethod openApp -->
  <testcase name="@AfterMethod closeApp" time="-1.573736369755E9" classname="com.vtiger.generics.BaseTest">
    <skipped/>
  </testcase> <!-- @AfterMethod closeApp -->
  <testcase name="@BeforeMethod openApp" time="-1.57373636977E9" classname="com.vtiger.generics.BaseTest">
    <skipped/>
  </testcase> <!-- @BeforeMethod openApp -->
  <testcase name="@AfterMethod closeApp" time="-1.573736369926E9" classname="com.vtiger.generics.BaseTest">
    <skipped/>
  </testcase> <!-- @AfterMethod closeApp -->
  <testcase name="@BeforeMethod openApp" time="-1.573736369926E9" classname="com.vtiger.generics.BaseTest">
    <skipped/>
  </testcase> <!-- @BeforeMethod openApp -->
  <testcase name="@AfterMethod closeApp" time="-1.573736369989E9" classname="com.vtiger.generics.BaseTest">
    <skipped/>
  </testcase> <!-- @AfterMethod closeApp -->
  <testcase name="@BeforeMethod openApp" time="-1.573736370004E9" classname="com.vtiger.generics.BaseTest">
    <skipped/>
  </testcase> <!-- @BeforeMethod openApp -->
  <testcase name="@AfterMethod closeApp" time="-1.573736370114E9" classname="com.vtiger.generics.BaseTest">
    <skipped/>
  </testcase> <!-- @AfterMethod closeApp -->
  <testcase name="addMultipleService" time="0.0" classname="com.vtiger.test.TestLogin">
    <skipped/>
  </testcase> <!-- addMultipleService -->
  <testcase name="addService" time="0.0" classname="com.vtiger.test.TestLogin">
    <skipped/>
  </testcase> <!-- addService -->
  <testcase name="cancelledStatus" time="0.0" classname="com.vtiger.test.TestLogin">
    <skipped/>
  </testcase> <!-- cancelledStatus -->
  <testcase name="copyBillingaddress" time="0.0" classname="com.vtiger.test.TestLogin">
    <skipped/>
  </testcase> <!-- copyBillingaddress -->
  <testcase name="copyShippingaddress" time="0.0" classname="com.vtiger.test.TestLogin">
    <skipped/>
  </testcase> <!-- copyShippingaddress -->
  <testcase name="createPurchaseWithoutProduct" time="0.0" classname="com.vtiger.test.TestLogin">
    <skipped/>
  </testcase> <!-- createPurchaseWithoutProduct -->
  <testcase name="multiLineMultiQuantity" time="0.0" classname="com.vtiger.test.TestLogin">
    <skipped/>
  </testcase> <!-- multiLineMultiQuantity -->
  <testcase name="notCreated" time="0.0" classname="com.vtiger.test.TestLogin">
    <skipped/>
  </testcase> <!-- notCreated -->
  <testcase name="singleLineSingleQuantity" time="0.0" classname="com.vtiger.test.TestLogin">
    <skipped/>
  </testcase> <!-- singleLineSingleQuantity -->
  <testcase name="validLogin" time="0.0" classname="com.vtiger.test.TestLogin">
    <skipped/>
  </testcase> <!-- validLogin -->
</testsuite> <!-- Test -->
